[09-Apr-2024 12:53:32 UTC] PHP Fatal error:  Uncaught Error: Call to undefined function wc_get_product_min_price() in /home/chennai8/venzotechnologies.in/presso/wp-content/themes/astra/functions.php:236
Stack trace:
#0 /home/chennai8/venzotechnologies.in/presso/wp-includes/shortcodes.php(433): price_filter_shortcode()
#1 [internal function]: do_shortcode_tag()
#2 /home/chennai8/venzotechnologies.in/presso/wp-includes/shortcodes.php(273): preg_replace_callback()
#3 /home/chennai8/venzotechnologies.in/presso/wp-includes/class-wp-hook.php(324): do_shortcode()
#4 /home/chennai8/venzotechnologies.in/presso/wp-includes/plugin.php(205): WP_Hook->apply_filters()
#5 /home/chennai8/venzotechnologies.in/presso/wp-includes/post-template.php(256): apply_filters()
#6 /home/chennai8/venzotechnologies.in/presso/wp-content/themes/astra/template-parts/single/content-header.php(33): the_content()
#7 /home/chennai8/venzotechnologies.in/presso/wp-includes/template.php(812): require('/home/chennai8/...')
#8 /home/chennai8/venzotechnologies.in/presso/wp-includes/template.php(745): load_template()
#9 /home/chennai8/venzotechnologies.in/presso/wp-includes/general-template.php(206): locate_template()
#10 /home/chennai8/venzotechnologies.in/presso/wp-content/themes/astra/inc/template-parts.php(376): get_template_part()
#11 /home/chennai8/venzotechnologies.in/presso/wp-includes/class-wp-hook.php(324): astra_entry_content_single_page_template()
#12 /home/chennai8/venzotechnologies.in/presso/wp-includes/class-wp-hook.php(348): WP_Hook->apply_filters()
#13 /home/chennai8/venzotechnologies.in/presso/wp-includes/plugin.php(517): WP_Hook->do_action()
#14 /home/chennai8/venzotechnologies.in/presso/wp-content/themes/astra/inc/core/theme-hooks.php(452): do_action()
#15 /home/chennai8/venzotechnologies.in/presso/wp-content/themes/astra/template-parts/content-page.php(26): astra_entry_content_single_page()
#16 /home/chennai8/venzotechnologies.in/presso/wp-includes/template.php(812): require('/home/chennai8/...')
#17 /home/chennai8/venzotechnologies.in/presso/wp-includes/template.php(745): load_template()
#18 /home/chennai8/venzotechnologies.in/presso/wp-includes/general-template.php(206): locate_template()
#19 /home/chennai8/venzotechnologies.in/presso/wp-content/themes/astra/inc/class-astra-loop.php(111): get_template_part()
#20 /home/chennai8/venzotechnologies.in/presso/wp-includes/class-wp-hook.php(324): Astra_Loop->template_parts_page()
#21 /home/chennai8/venzotechnologies.in/presso/wp-includes/class-wp-hook.php(348): WP_Hook->apply_filters()
#22 /home/chennai8/venzotechnologies.in/presso/wp-includes/plugin.php(517): WP_Hook->do_action()
#23 /home/chennai8/venzotechnologies.in/presso/wp-content/themes/astra/inc/class-astra-loop.php(199): do_action()
#24 /home/chennai8/venzotechnologies.in/presso/wp-content/themes/astra/inc/class-astra-loop.php(176): Astra_Loop->loop_markup()
#25 /home/chennai8/venzotechnologies.in/presso/wp-includes/class-wp-hook.php(324): Astra_Loop->loop_markup_page()
#26 /home/chennai8/venzotechnologies.in/presso/wp-includes/class-wp-hook.php(348): WP_Hook->apply_filters()
#27 /home/chennai8/venzotechnologies.in/presso/wp-includes/plugin.php(517): WP_Hook->do_action()
#28 /home/chennai8/venzotechnologies.in/presso/wp-content/themes/astra/inc/core/theme-hooks.php(267): do_action()
#29 /home/chennai8/venzotechnologies.in/presso/wp-content/themes/astra/page.php(32): astra_content_page_loop()
#30 /home/chennai8/venzotechnologies.in/presso/wp-includes/template-loader.php(106): include('/home/chennai8/...')
#31 /home/chennai8/venzotechnologies.in/presso/wp-blog-header.php(19): require_once('/home/chennai8/...')
#32 /home/chennai8/venzotechnologies.in/presso/index.php(17): require('/home/chennai8/...')
#33 {main}
  thrown in /home/chennai8/venzotechnologies.in/presso/wp-content/themes/astra/functions.php on line 236
